0 info it worked if it ends with ok
1 verbose cli [ 'D:\\nodejs\\node.exe',
1 verbose cli   'D:\\nodejs\\node_modules\\npm\\bin\\npm-cli.js',
1 verbose cli   'run',
1 verbose cli   'start' ]
2 info using npm@3.10.8
3 info using node@v7.0.0
4 verbose run-script [ 'prestart', 'start', 'poststart' ]
5 info lifecycle VueTry@1.0.0~prestart: VueTry@1.0.0
6 silly lifecycle VueTry@1.0.0~prestart: no script for prestart, continuing
7 info lifecycle VueTry@1.0.0~start: VueTry@1.0.0
8 verbose lifecycle VueTry@1.0.0~start: unsafe-perm in lifecycle true
9 verbose lifecycle VueTry@1.0.0~start: PATH: D:\nodejs\node_modules\npm\bin\node-gyp-bin;D:\worktest\webpackdemo\VueTry\node_modules\.bin;C:\Program Files (x86)\Common Files\NetSarang;C:\ProgramData\Oracle\Java\javapath;C:\Program Files\Java\jdk1.8.0_31\bin;D:\DevSuiteHome_1\jdk\jre\bin\classic;D:\DevSuiteHome_1\jdk\jre\bin;D:\DevSuiteHome_1\jdk\jre\bin\client;D:\DevSuiteHome_1\jlib;D:\DevSuiteHome_1\bin;D:\DevSuiteHome_1\jre\1.4.2\bin\client;D:\DevSuiteHome_1\jre\1.4.2\bin;C:\Program Files (x86)\Intel\iCLS Client\;C:\Program Files\Intel\iCLS Client\;C:\WINDOWS\system32;C:\WINDOWS;C:\WINDOWS\System32\Wbem;C:\WINDOWS\System32\WindowsPowerShell\v1.0\;C:\Program Files (x86)\Intel\Intel(R) Management Engine Components\DAL;C:\Program Files\Intel\Intel(R) Management Engine Components\DAL;C:\Program Files (x86)\Intel\Intel(R) Management Engine Components\IPT;C:\Program Files\Intel\Intel(R) Management Engine Components\IPT;C:\Program Files\Java\jdk1.8.0_31\jre\bin;D:\apache-maven-3.3.9\bin;D:\apache-tomcat-8.0.27\bin;D:\Git\cmd;D:\mysql-5.6.36-winx64\bin;D:\SSO\demo\tomcat-app1\bin;D:\nodejs\;D:\TortoiseSVN\bin;D:\Arcanist\arcanist\bin;D:\php;D:\cmder;C:\Program Files\Intel\WiFi\bin\;C:\Program Files\Common Files\Intel\WirelessCommon\;C:\Users\xhq\AppData\Roaming\npm;%USERPROFILE%\AppData\Local\Microsoft\WindowsApps;
10 verbose lifecycle VueTry@1.0.0~start: CWD: D:\worktest\webpackdemo\VueTry
11 silly lifecycle VueTry@1.0.0~start: Args: [ '/d /s /c', 'webpack-dev-server --mode development --open' ]
12 silly lifecycle VueTry@1.0.0~start: Returned: code: 3221225786  signal: null
13 info lifecycle VueTry@1.0.0~start: Failed to exec start script
14 verbose stack Error: VueTry@1.0.0 start: `webpack-dev-server --mode development --open`
14 verbose stack Exit status 3221225786
14 verbose stack     at EventEmitter.<anonymous> (D:\nodejs\node_modules\npm\lib\utils\lifecycle.js:255:16)
14 verbose stack     at emitTwo (events.js:106:13)
14 verbose stack     at EventEmitter.emit (events.js:191:7)
14 verbose stack     at ChildProcess.<anonymous> (D:\nodejs\node_modules\npm\lib\utils\spawn.js:40:14)
14 verbose stack     at emitTwo (events.js:106:13)
14 verbose stack     at ChildProcess.emit (events.js:191:7)
14 verbose stack     at maybeClose (internal/child_process.js:877:16)
14 verbose stack     at Process.ChildProcess._handle.onexit (internal/child_process.js:226:5)
15 verbose pkgid VueTry@1.0.0
16 verbose cwd D:\worktest\webpackdemo\VueTry
17 error Windows_NT 10.0.16299
18 error argv "D:\\nodejs\\node.exe" "D:\\nodejs\\node_modules\\npm\\bin\\npm-cli.js" "run" "start"
19 error node v7.0.0
20 error npm  v3.10.8
21 error code ELIFECYCLE
22 error VueTry@1.0.0 start: `webpack-dev-server --mode development --open`
22 error Exit status 3221225786
23 error Failed at the VueTry@1.0.0 start script 'webpack-dev-server --mode development --open'.
23 error Make sure you have the latest version of node.js and npm installed.
23 error If you do, this is most likely a problem with the VueTry package,
23 error not with npm itself.
23 error Tell the author that this fails on your system:
23 error     webpack-dev-server --mode development --open
23 error You can get information on how to open an issue for this project with:
23 error     npm bugs VueTry
23 error Or if that isn't available, you can get their info via:
23 error     npm owner ls VueTry
23 error There is likely additional logging output above.
24 verbose exit [ 1, true ]
